[2026-06-28 20:03:12] [INFO] === CHAOS AGENT STARTING (AUTONOMOUS MODE) ===
[2026-06-28 20:03:12] [INFO] Constitution: # ⊚ CHAOS AGENT — CONSTITUTION
## Mandate: Build the LAMAGUE Mystery-School Clicker Game
## Sandboxe...
[2026-06-28 20:03:12] [INFO] === BUILD STEP 1 ===
[2026-06-28 20:03:12] [INFO] Game status: 0 files, 0 HTML, 0 JS, 0 CSS
[2026-06-28 20:03:12] [WARN] ISSUE: No index.html found
[2026-06-28 20:03:12] [INFO] No game exists yet. Need to create index.html
[2026-06-28 20:03:12] [INFO] Creating initial game...
[2026-06-28 20:03:12] [INFO] Created index.html (7419 bytes)
[2026-06-28 20:03:12] [INFO] Step 1: SUCCESS
[2026-06-28 20:03:12] [INFO] === GAME IS FEATURE-COMPLETE ===
[2026-06-28 20:03:12] [INFO] Files: ['index.html']
[2026-06-28 20:03:12] [INFO] Size: 7477 bytes
[2026-06-28 20:03:12] [INFO] === CHAOS AGENT FINISHED ===
[2026-06-28 20:03:12] [INFO] Steps: 1, Successes: 1, Failures: 0
[2026-06-28 20:03:12] [INFO] Files created: ['game/index.html']
[2026-06-28 20:03:12] [INFO] Final game status: {
  "total_files": 1,
  "html": 1,
  "js": 0,
  "css": 0,
  "files": [
    "index.html"
  ],
  "index_exists": true,
  "index_size": 7477
}
